{"/Users/cameronraw/code/study/lang/react/basics/todo/src/Todo.tsx": {"path":"/Users/cameronraw/code/study/lang/react/basics/todo/src/Todo.tsx","statementMap":{"0":{"start":{"line":1,"column":23},"end":{"line":5,"column":1}},"1":{"start":{"line":2,"column":2},"end":{"line":4,"column":null}},"2":{"start":{"line":6,"column":0},"end":{"line":6,"column":20}}},"fnMap":{"0":{"name":"(anonymous_0)","decl":{"start":{"line":1,"column":23},"end":{"line":1,"column":null}},"loc":{"start":{"line":1,"column":23},"end":{"line":5,"column":1}}}},"branchMap":{},"s":{"0":1,"1":1,"2":1},"f":{"0":1},"b":{}}
}
